1 120462848
10 0
11 0
1148 2191360
1149 61440
1150 503808
12 0
13 0
140 0
141 0
142 0
143 0
1436 110592
144 0
1441 0
1447 5689344
146 0
15 0
16 0
17 0
18 0
19 0
2 0
20 0
21 0
22 0
23 0
24 0
25 0
26 0
27 0
28 0
29 0
2996 0
3 0
30 0
3205 0
33 37376
3418 0
3826 0
4 0
454 0
462 0
463 0
464 0
465 0
466 1044480
469 0
47 0
470 0
476 0
533 0
542 0
580 0
581 0
6 0
671 163840
700 18467840
749 0
751 0
752 0
778 0
779 0
790 0
791 0
794 0
795 0
796 0
797 0
798 0
799 0
8 0
800 16384
821 892928
824 98304
830 0
833 0
835 0
853 2301952
854 569344
855 364544
857 12754944
860 1495040
863 4886528
864 176128
867 3751936
868 3084288
870 0
871 401408
887 753664
890 8028160
891 327680
893 258048
899 3858432
9 0
914 3244032
915 1196032
